<?xml version="1.0" encoding="UTF-8"?>
<!-- Generated by org.testng.reporters.JUnitReportReporter -->
<testsuite hostname="LAPTOP-T00QMNNF" failures="0" tests="3" name="testcases.AddCustomerTest" time="5.650" errors="0" timestamp="2022-09-09T23:13:05 IST" skipped="0">
  <testcase classname="testcases.AddCustomerTest" name="Addcustomer" time="1.591"/>
  <system-out/>
  <testcase classname="testcases.AddCustomerTest" name="Addcustomer" time="2.541"/>
  <system-out/>
  <testcase classname="testcases.AddCustomerTest" name="Addcustomer" time="1.518"/>
  <system-out/>
</testsuite> <!-- testcases.AddCustomerTest -->
