<?xml version="1.0" encoding="UTF-8"?>
<!-- Generated by org.testng.reporters.JUnitReportReporter -->
<testsuite hostname="LAPTOP-T00QMNNF" failures="0" tests="2" name="testcases.BankManagerLoginTest" time="2.596" errors="0" timestamp="2022-09-09T23:13:05 IST" skipped="0">
  <testcase classname="testcases.BankManagerLoginTest" name="loginAsBankManager" time="1.390"/>
  <system-out/>
  <testcase classname="testcases.BankManagerLoginTest" name="verifylandingpage" time="1.206"/>
  <system-out/>
</testsuite> <!-- testcases.BankManagerLoginTest -->
